2023-08-06 08:17:38.817333 - Initialized conversion of CBT896
2023-08-06 08:17:39.251911 - Received CBT.V505.FILE896.PDS from FILE896.XMI 
2023-08-06 08:17:39.254496 - Found $$$#DATE.txt (text/plain) in CBT.V505.FILE896.PDS, moved to PDS/$$$#DATE
2023-08-06 08:17:39.255806 - Found @FILE896.txt (text/plain) in CBT.V505.FILE896.PDS, moved to PDS/@FILE896
2023-08-06 08:17:39.256902 - Found CALCR.rexx (text/plain) in CBT.V505.FILE896.PDS, moved to PDS/CALCR
2023-08-06 08:17:39.257966 - Found COMPRESS.txt (text/plain) in CBT.V505.FILE896.PDS, moved to PDS/COMPRESS
2023-08-06 08:17:39.259113 - Found CURSRPWR.txt (text/plain) in CBT.V505.FILE896.PDS, moved to PDS/CURSRPWR
2023-08-06 08:17:39.260212 - Found DDN.txt (text/plain) in CBT.V505.FILE896.PDS, moved to PDS/DDN
2023-08-06 08:17:39.261196 - Found DFHSM.txt (text/plain) in CBT.V505.FILE896.PDS, moved to PDS/DFHSM
2023-08-06 08:17:39.262328 - Found DISPHOST.rexx (text/plain) in CBT.V505.FILE896.PDS, moved to PDS/DISPHOST
2023-08-06 08:17:39.263343 - Found GETSMFID.rexx (text/plain) in CBT.V505.FILE896.PDS, moved to PDS/GETSMFID
2023-08-06 08:17:39.264557 - Found GOPHER.jcl (text/plain) in CBT.V505.FILE896.PDS, moved to PDS/GOPHER
2023-08-06 08:17:39.265547 - Found IPCS.rexx (text/plain) in CBT.V505.FILE896.PDS, moved to PDS/IPCS
2023-08-06 08:17:39.271364 - Found LOGSCAN.xmi (application/xmit) in CBT.V505.FILE896.PDS
2023-08-06 08:17:39.277539   - Received RECFM=U data, stored XMIT file as CBT896/LOGSCAN.xmi
2023-08-06 08:17:39.278576 - Found PRINTDS.txt (text/plain) in CBT.V505.FILE896.PDS, moved to PDS/PRINTDS
2023-08-06 08:17:39.279508 - Found RXTRY.rexx (text/plain) in CBT.V505.FILE896.PDS, moved to PDS/RXTRY
2023-08-06 08:17:39.280440 - Found SCHTP21.txt (text/plain) in CBT.V505.FILE896.PDS, moved to PDS/SCHTP21
2023-08-06 08:17:39.281389 - Found SCHTP210.txt (text/plain) in CBT.V505.FILE896.PDS, moved to PDS/SCHTP210
2023-08-06 08:17:39.282358 - Found SCH0P000.txt (text/plain) in CBT.V505.FILE896.PDS, moved to PDS/SCH0P000
2023-08-06 08:17:39.283313 - Found SCH0P200.txt (text/plain) in CBT.V505.FILE896.PDS, moved to PDS/SCH0P200
2023-08-06 08:17:39.284296 - Found SCRHELP.txt (text/plain) in CBT.V505.FILE896.PDS, moved to PDS/SCRHELP
2023-08-06 08:17:39.285343 - Found SHOW.txt (text/plain) in CBT.V505.FILE896.PDS, moved to PDS/SHOW
2023-08-06 08:17:39.286429 - Found SYSLOG.txt (text/plain) in CBT.V505.FILE896.PDS, moved to PDS/SYSLOG
2023-08-06 08:17:39.287410 - Found XMITVM.txt (text/plain) in CBT.V505.FILE896.PDS, moved to PDS/XMITVM
2023-08-06 08:17:39.288480 - Found XPROC.txt (text/plain) in CBT.V505.FILE896.PDS, moved to PDS/XPROC
2023-08-06 08:17:39.289416 - Found XPROC#.txt (text/plain) in CBT.V505.FILE896.PDS, moved to PDS/XPROC#
2023-08-06 08:17:39.290292 - Found XWRITEN#.txt (text/plain) in CBT.V505.FILE896.PDS, moved to PDS/XWRITEN#
2023-08-06 08:17:39.291213 - Found XWRITENR.txt (text/plain) in CBT.V505.FILE896.PDS, moved to PDS/XWRITENR
